--2025-05-19 11:46:18--  https://ftpmirror.gnu.org/parallel/parallel-latest.tar.bz2
Connecting to 10.99.0.130:3128... connected.
Proxy request sent, awaiting response... 302 Moved Temporarily
Location: https://mirror.us-midwest-1.nexcess.net/gnu/parallel/parallel-latest.tar.bz2 [following]
--2025-05-19 11:46:18--  https://mirror.us-midwest-1.nexcess.net/gnu/parallel/parallel-latest.tar.bz2
Connecting to 10.99.0.130:3128... connected.
Proxy request sent, awaiting response... 200 OK
Length: 2699404 (2.6M) [text/plain]
Saving to: ‘parallel-latest.tar.bz2’

     0K .......... .......... .......... .......... ..........  1%  492K 5s
    50K .......... .......... .......... .......... ..........  3% 1.16M 4s
   100K .......... .......... .......... .......... ..........  5% 1.96M 3s
   150K .......... .......... .......... .......... ..........  7% 2.35M 2s
   200K .......... .......... .......... .......... ..........  9% 2.87M 2s
   250K .......... .......... .......... .......... .......... 11% 3.54M 2s
   300K .......... .......... .......... .......... .......... 13% 4.64M 2s
   350K .......... .......... .......... .......... .......... 15% 3.74M 1s
   400K .......... .......... .......... .......... .......... 17% 6.02M 1s
   450K .......... .......... .......... .......... .......... 18% 6.22M 1s
   500K .......... .......... .......... .......... .......... 20% 7.25M 1s
   550K .......... .......... .......... .......... .......... 22% 8.28M 1s
   600K .......... .......... .......... .......... .......... 24% 8.64M 1s
   650K .......... .......... .......... .......... .......... 26% 7.89M 1s
   700K .......... .......... .......... .......... .......... 28% 9.96M 1s
   750K .......... .......... .......... .......... .......... 30% 7.38M 1s
   800K .......... .......... .......... .......... .......... 32% 11.2M 1s
   850K .......... .......... .......... .......... .......... 34% 13.8M 1s
   900K .......... .......... .......... .......... .......... 36% 11.5M 1s
   950K .......... .......... .......... .......... .......... 37% 12.9M 1s
  1000K .......... .......... .......... .......... .......... 39% 13.0M 0s
  1050K .......... .......... .......... .......... .......... 41% 13.6M 0s
  1100K .......... .......... .......... .......... .......... 43% 15.4M 0s
  1150K .......... .......... .......... .......... .......... 45% 12.3M 0s
  1200K .......... .......... .......... .......... .......... 47% 23.1M 0s
  1250K .......... .......... .......... .......... .......... 49% 16.4M 0s
  1300K .......... .......... .......... .......... .......... 51% 15.5M 0s
  1350K .......... .......... .......... .......... .......... 53% 22.3M 0s
  1400K .......... .......... .......... .......... .......... 55% 17.7M 0s
  1450K .......... .......... .......... .......... .......... 56% 19.9M 0s
  1500K .......... .......... .......... .......... .......... 58% 16.9M 0s
  1550K .......... .......... .......... .......... .......... 60% 21.5M 0s
  1600K .......... .......... .......... .......... .......... 62% 19.7M 0s
  1650K .......... .......... .......... .......... .......... 64% 21.4M 0s
  1700K .......... .......... .......... .......... .......... 66% 36.5M 0s
  1750K .......... .......... .......... .......... .......... 68% 18.6M 0s
  1800K .......... .......... .......... .......... .......... 70% 28.5M 0s
  1850K .......... .......... .......... .......... .......... 72% 21.9M 0s
  1900K .......... .......... .......... .......... .......... 73% 19.9M 0s
  1950K .......... .......... .......... .......... .......... 75% 28.7M 0s
  2000K .......... .......... .......... .......... .......... 77% 21.0M 0s
  2050K .......... .......... .......... .......... .......... 79% 28.8M 0s
  2100K .......... .......... .......... .......... .......... 81% 28.0M 0s
  2150K .......... .......... .......... .......... .......... 83% 69.2M 0s
  2200K .......... .......... .......... .......... .......... 85% 23.4M 0s
  2250K .......... .......... .......... .......... .......... 87% 35.4M 0s
  2300K .......... .......... .......... .......... .......... 89% 26.5M 0s
  2350K .......... .......... .......... .......... .......... 91% 27.0M 0s
  2400K .......... .......... .......... .......... .......... 92% 29.5M 0s
  2450K .......... .......... .......... .......... .......... 94% 27.4M 0s
  2500K .......... .......... .......... .......... .......... 96% 39.7M 0s
  2550K .......... .......... .......... .......... .......... 98% 58.5M 0s
  2600K .......... .......... .......... ......               100% 18.8M=0.4s

2025-05-19 11:46:19 (6.69 MB/s) - ‘parallel-latest.tar.bz2’ saved [2699404/2699404]

parallel-20250422/
parallel-20250422/README
parallel-20250422/Makefile.in
parallel-20250422/LICENSES/
parallel-20250422/LICENSES/CC-BY-SA-4.0.txt
parallel-20250422/LICENSES/GFDL-1.3-or-later.txt
parallel-20250422/LICENSES/GPL-3.0-or-later.txt
parallel-20250422/CREDITS
parallel-20250422/configure
parallel-20250422/missing
parallel-20250422/Makefile.am
parallel-20250422/NEWS
parallel-20250422/configure.ac
parallel-20250422/CITATION.cff
parallel-20250422/TODO
parallel-20250422/src/
parallel-20250422/src/env_parallel.fish
parallel-20250422/src/parallel.texi
parallel-20250422/src/parset.1
parallel-20250422/src/Makefile.in
parallel-20250422/src/parallel_tutorial.texi
parallel-20250422/src/parsort.1
parallel-20250422/src/parcat.html
parallel-20250422/src/parallel_book.html
parallel-20250422/src/parallel_tutorial.html
parallel-20250422/src/niceload.pdf
parallel-20250422/src/parallel_book.texi
parallel-20250422/src/sql
parallel-20250422/src/parallel_tutorial.pdf
parallel-20250422/src/parallel.rst
parallel-20250422/src/niceload.pod
parallel-20250422/src/parallel_tutorial.pod
parallel-20250422/src/parallel_alternatives.texi
parallel-20250422/src/sem.1
parallel-20250422/src/parcat.texi
parallel-20250422/src/parallel_examples.pdf
parallel-20250422/src/niceload.texi
parallel-20250422/src/parset.rst
parallel-20250422/src/parset.html
parallel-20250422/src/env_parallel.html
parallel-20250422/src/env_parallel.ksh
parallel-20250422/src/env_parallel.zsh
parallel-20250422/src/parallel_design.rst
parallel-20250422/src/parallel_design.pod
parallel-20250422/src/parcat.1
parallel-20250422/src/env_parallel.pdksh
parallel-20250422/src/parcat.pdf
parallel-20250422/src/sql.pdf
parallel-20250422/src/parset.texi
parallel-20250422/src/parallel_design.html
parallel-20250422/src/parallel_book.rst
parallel-20250422/src/sem.html
parallel-20250422/src/parallel_design.7
parallel-20250422/src/parallel.pdf
parallel-20250422/src/sem.pod
parallel-20250422/src/parset.pdf
parallel-20250422/src/Makefile.am
parallel-20250422/src/env_parallel.texi
parallel-20250422/src/parallel_tutorial.rst
parallel-20250422/src/parcat.rst
parallel-20250422/src/parcat
parallel-20250422/src/parallel_design.texi
parallel-20250422/src/sql.html
parallel-20250422/src/parcat.pod
parallel-20250422/src/env_parallel.tcsh
parallel-20250422/src/parallel_options_map.pdf
parallel-20250422/src/parallel.html
parallel-20250422/src/env_parallel.sh
parallel-20250422/src/parsort
parallel-20250422/src/parallel_alternatives.pdf
parallel-20250422/src/parallel_examples.texi
parallel-20250422/src/niceload.html
parallel-20250422/src/env_parallel.bash
parallel-20250422/src/parallel_design.pdf
parallel-20250422/src/env_parallel.ash
parallel-20250422/src/niceload.1
parallel-20250422/src/parallel_tutorial.7
parallel-20250422/src/parallel
parallel-20250422/src/env_parallel.rst
parallel-20250422/src/niceload
parallel-20250422/src/parallel_book.7
parallel-20250422/src/env_parallel.mksh
parallel-20250422/src/parallel_alternatives.7
parallel-20250422/src/sql.texi
parallel-20250422/src/parallel_examples.rst
parallel-20250422/src/sql.rst
parallel-20250422/src/env_parallel
parallel-20250422/src/parallel_book.pod
parallel-20250422/src/sem
parallel-20250422/src/pod2graph
parallel-20250422/src/sem.texi
parallel-20250422/src/parset.pod
parallel-20250422/src/parallel_alternatives.html
parallel-20250422/src/sem.pdf
parallel-20250422/src/env_parallel.1
parallel-20250422/src/parallel_cheat_bw.pdf
parallel-20250422/src/env_parallel.pod
parallel-20250422/src/parsort.texi
parallel-20250422/src/env_parallel.dash
parallel-20250422/src/parallel_alternatives.pod
parallel-20250422/src/parallel_examples.7
parallel-20250422/src/env_parallel.pdf
parallel-20250422/src/parallel.pod
parallel-20250422/src/sem.rst
parallel-20250422/src/parallel_alternatives.rst
parallel-20250422/src/sql.1
parallel-20250422/src/parsort.rst
parallel-20250422/src/parsort.pdf
parallel-20250422/src/parsort.html
parallel-20250422/src/parallel_examples.html
parallel-20250422/src/parallel.1
parallel-20250422/src/parset
parallel-20250422/src/parallel_book.pdf
parallel-20250422/src/env_parallel.csh
parallel-20250422/src/parallel_cheat_bw.fodt
parallel-20250422/src/parallel_examples.pod
parallel-20250422/src/niceload.rst
parallel-20250422/config.h.in
parallel-20250422/CITATION
parallel-20250422/install-sh
parallel-20250422/aclocal.m4
checking for a BSD-compatible install... /usr/bin/install -c
checking whether build environment is sane... yes
checking for a race-free mkdir -p... /usr/bin/mkdir -p
checking for gawk... gawk
checking whether make sets $(MAKE)... yes
checking whether make supports nested variables... yes
checking whether ln -s works... yes
checking that generated files are newer than configure... done
configure: creating ./config.status
config.status: creating Makefile
config.status: creating src/Makefile
config.status: creating config.h
make  all-recursive
make[1]: Entering directory '/shared/EL9/explorer/GNU-parallel/2025-04-22/src/parallel-20250422'
Making all in src
make[2]: Entering directory '/shared/EL9/explorer/GNU-parallel/2025-04-22/src/parallel-20250422/src'
make[2]: Nothing to be done for 'all'.
make[2]: Leaving directory '/shared/EL9/explorer/GNU-parallel/2025-04-22/src/parallel-20250422/src'
make[2]: Entering directory '/shared/EL9/explorer/GNU-parallel/2025-04-22/src/parallel-20250422'
make[2]: Leaving directory '/shared/EL9/explorer/GNU-parallel/2025-04-22/src/parallel-20250422'
make[1]: Leaving directory '/shared/EL9/explorer/GNU-parallel/2025-04-22/src/parallel-20250422'
Making install in src
make[1]: Entering directory '/shared/EL9/explorer/GNU-parallel/2025-04-22/src/parallel-20250422/src'
make[2]: Entering directory '/shared/EL9/explorer/GNU-parallel/2025-04-22/src/parallel-20250422/src'
 /usr/bin/mkdir -p '/shared/EL9/explorer/GNU-parallel/2025-04-22/bin'
 /usr/bin/install -c parallel sql niceload parcat parset parsort env_parallel env_parallel.ash env_parallel.bash env_parallel.csh env_parallel.dash env_parallel.fish env_parallel.ksh env_parallel.mksh env_parallel.pdksh env_parallel.sh env_parallel.tcsh env_parallel.zsh '/shared/EL9/explorer/GNU-parallel/2025-04-22/bin'
make  install-exec-hook
make[3]: Entering directory '/shared/EL9/explorer/GNU-parallel/2025-04-22/src/parallel-20250422/src'
rm "/shared/EL9/explorer/GNU-parallel/2025-04-22/bin"/sem || true
rm: cannot remove '/shared/EL9/explorer/GNU-parallel/2025-04-22/bin/sem': No such file or directory
ln -s parallel "/shared/EL9/explorer/GNU-parallel/2025-04-22/bin"/sem
make[3]: Leaving directory '/shared/EL9/explorer/GNU-parallel/2025-04-22/src/parallel-20250422/src'
 /usr/bin/mkdir -p '/shared/EL9/explorer/GNU-parallel/2025-04-22/share/doc/parallel'
 /usr/bin/install -c -m 644 parallel.html env_parallel.html sem.html sql.html niceload.html parallel_examples.html parallel_tutorial.html parallel_book.html parallel_design.html parallel_alternatives.html parcat.html parset.html parsort.html parallel.texi env_parallel.texi sem.texi sql.texi niceload.texi parallel_examples.texi parallel_tutorial.texi parallel_book.texi parallel_design.texi parallel_alternatives.texi parcat.texi parset.texi parsort.texi parallel.rst env_parallel.rst sem.rst sql.rst niceload.rst parallel_examples.rst parallel_tutorial.rst parallel_book.rst parallel_design.rst parallel_alternatives.rst parcat.rst parset.rst parsort.rst parallel.pdf '/shared/EL9/explorer/GNU-parallel/2025-04-22/share/doc/parallel'
 /usr/bin/install -c -m 644 env_parallel.pdf sem.pdf sql.pdf niceload.pdf parallel_examples.pdf parallel_tutorial.pdf parallel_book.pdf parallel_design.pdf parallel_alternatives.pdf parcat.pdf parset.pdf parsort.pdf parallel_cheat_bw.pdf parallel_options_map.pdf '/shared/EL9/explorer/GNU-parallel/2025-04-22/share/doc/parallel'
 /usr/bin/mkdir -p '/shared/EL9/explorer/GNU-parallel/2025-04-22/share/man/man1'
 /usr/bin/install -c -m 644 parallel.1 env_parallel.1 sem.1 sql.1 niceload.1 parcat.1 parset.1 parsort.1 '/shared/EL9/explorer/GNU-parallel/2025-04-22/share/man/man1'
 /usr/bin/mkdir -p '/shared/EL9/explorer/GNU-parallel/2025-04-22/share/man/man7'
 /usr/bin/install -c -m 644 parallel_examples.7 parallel_tutorial.7 parallel_book.7 parallel_design.7 parallel_alternatives.7 '/shared/EL9/explorer/GNU-parallel/2025-04-22/share/man/man7'
make[2]: Leaving directory '/shared/EL9/explorer/GNU-parallel/2025-04-22/src/parallel-20250422/src'
make[1]: Leaving directory '/shared/EL9/explorer/GNU-parallel/2025-04-22/src/parallel-20250422/src'
make[1]: Entering directory '/shared/EL9/explorer/GNU-parallel/2025-04-22/src/parallel-20250422'
make[2]: Entering directory '/shared/EL9/explorer/GNU-parallel/2025-04-22/src/parallel-20250422'
make[2]: Nothing to be done for 'install-exec-am'.
make  install-data-hook
make[3]: Entering directory '/shared/EL9/explorer/GNU-parallel/2025-04-22/src/parallel-20250422'
mkdir -p /shared/EL9/explorer/GNU-parallel/2025-04-22/share/zsh/site-functions /shared/EL9/explorer/GNU-parallel/2025-04-22/share/bash-completion/completions
/shared/EL9/explorer/GNU-parallel/2025-04-22/bin/parallel --shell-completion bash > /shared/EL9/explorer/GNU-parallel/2025-04-22/share/bash-completion/completions/parallel
echo '#compdef parallel' > /shared/EL9/explorer/GNU-parallel/2025-04-22/share/zsh/site-functions/_parallel
echo '(( $+functions[_comp_parallel] )) ||' >> /shared/EL9/explorer/GNU-parallel/2025-04-22/share/zsh/site-functions/_parallel
echo '  eval "$(parallel --shell-completion auto)" &&' >> /shared/EL9/explorer/GNU-parallel/2025-04-22/share/zsh/site-functions/_parallel
echo '  _comp_parallel' >> /shared/EL9/explorer/GNU-parallel/2025-04-22/share/zsh/site-functions/_parallel
make[3]: Leaving directory '/shared/EL9/explorer/GNU-parallel/2025-04-22/src/parallel-20250422'
make[2]: Leaving directory '/shared/EL9/explorer/GNU-parallel/2025-04-22/src/parallel-20250422'
make[1]: Leaving directory '/shared/EL9/explorer/GNU-parallel/2025-04-22/src/parallel-20250422'
